<?xml version="1.0" encoding="UTF-8"?>
<testsuite name="io.tolam.io.tolam.onboard.organization.command.OnboardOrganizationCommandTest" tests="1" skipped="0" failures="0" errors="0" timestamp="2023-01-30T18:40:23" hostname="Zacharys-MacBook-Pro.local" time="2.633">
  <properties/>
  <testcase name="testWithCommandLineOption()" classname="io.tolam.io.tolam.onboard.organization.command.OnboardOrganizationCommandTest" time="2.633"/>
  <system-out><![CDATA[]]></system-out>
  <system-err><![CDATA[]]></system-err>
</testsuite>
