<?xml version="1.0" encoding="UTF-8"?>
<testsuite name="io.tolam.TolamCommandTest" tests="1" skipped="0" failures="0" errors="0" timestamp="2023-01-30T18:40:21" hostname="Zacharys-MacBook-Pro.local" time="1.622">
  <properties/>
  <testcase name="testWithCommandLineOption()" classname="io.tolam.TolamCommandTest" time="1.622"/>
  <system-out><![CDATA[]]></system-out>
  <system-err><![CDATA[]]></system-err>
</testsuite>
